Arguments: 
  /usr/local/bin/node /Users/garfield/.yarn/bin/yarn.js add anchor-client

PATH: 
  /usr/local/opt/libpq/bin:/Users/garfield/.yarn/bin:/Users/garfield/.config/yarn/global/node_modules/.bin:/opt/homebrew/opt/openssl@1.1/bin:/opt/homebrew/opt/openssl@1.1/bin:/Users/garfield/.local/share/solana/install/active_release/bin:/Library/Frameworks/Python.framework/Versions/3.9/bin:/usr/local/bin:/usr/bin:/bin:/usr/sbin:/sbin:/usr/local/go/bin:/Library/Apple/usr/bin:/usr/local/opt/libpq/bin:/Users/garfield/.yarn/bin:/Users/garfield/.config/yarn/global/node_modules/.bin:/opt/homebrew/opt/openssl@1.1/bin:/Users/garfield/.local/share/solana/install/active_release/bin:/Library/Frameworks/Python.framework/Versions/3.9/bin:/Users/garfield/.cargo/bin:/Users/garfield/Developer/solana/bin:/Users/garfield/Developer/solana/bin

Yarn version: 
  1.22.15

Node version: 
  14.18.0

Platform: 
  darwin x64

Trace: 
  Error: https://registry.yarnpkg.com/anchor-client: Not found
      at Request.params.callback [as _callback] (/Users/garfield/.yarn/lib/cli.js:67031:18)
      at Request.self.callback (/Users/garfield/.yarn/lib/cli.js:140885:22)
      at Request.emit (events.js:400:28)
      at Request.<anonymous> (/Users/garfield/.yarn/lib/cli.js:141857:10)
      at Request.emit (events.js:400:28)
      at IncomingMessage.<anonymous> (/Users/garfield/.yarn/lib/cli.js:141779:12)
      at Object.onceWrapper (events.js:519:28)
      at IncomingMessage.emit (events.js:412:35)
      at endReadableNT (internal/streams/readable.js:1334:12)
      at processTicksAndRejections (internal/process/task_queues.js:82:21)

npm manifest: 
  No manifest

yarn manifest: 
  No manifest

Lockfile: 
  No lockfile
