Arguments: 
  /usr/local/bin/node /Users/garfield/.yarn/bin/yarn.js

PATH: 
  /var/folders/tg/56srbkr514nf8l8m_745xtm00000gn/T/yarn--1643828612055-0.33785700936069496:/Users/garfield/Developer/chronos/node_modules/.bin:/Users/garfield/.config/yarn/link/node_modules/.bin:/Users/garfield/Developer/chronos/node_modules/.bin:/usr/local/libexec/lib/node_modules/npm/bin/node-gyp-bin:/usr/local/lib/node_modules/npm/bin/node-gyp-bin:/usr/local/bin/node_modules/npm/bin/node-gyp-bin:/usr/local/opt/libpq/bin:/Users/garfield/.yarn/bin:/Users/garfield/.config/yarn/global/node_modules/.bin:/opt/homebrew/opt/openssl@1.1/bin:/opt/homebrew/opt/openssl@1.1/bin:/Users/garfield/.local/share/solana/install/active_release/bin:/Library/Frameworks/Python.framework/Versions/3.9/bin:/usr/local/bin:/usr/bin:/bin:/usr/sbin:/sbin:/usr/local/go/bin:/Library/Apple/usr/bin:/usr/local/opt/libpq/bin:/Users/garfield/.yarn/bin:/Users/garfield/.config/yarn/global/node_modules/.bin:/opt/homebrew/opt/openssl@1.1/bin:/Users/garfield/.local/share/solana/install/active_release/bin:/Library/Frameworks/Python.framework/Versions/3.9/bin:/Users/garfield/.cargo/bin:/Users/garfield/Developer/solana/bin:/Users/garfield/Developer/solana/bin

Yarn version: 
  1.22.15

Node version: 
  14.18.0

Platform: 
  darwin x64

Trace: 
  Error: https://registry.yarnpkg.com/@chronos-so%2findexer: Not found
      at Request.params.callback [as _callback] (/Users/garfield/.yarn/lib/cli.js:67031:18)
      at Request.self.callback (/Users/garfield/.yarn/lib/cli.js:140885:22)
      at Request.emit (events.js:400:28)
      at Request.<anonymous> (/Users/garfield/.yarn/lib/cli.js:141857:10)
      at Request.emit (events.js:400:28)
      at IncomingMessage.<anonymous> (/Users/garfield/.yarn/lib/cli.js:141779:12)
      at Object.onceWrapper (events.js:519:28)
      at IncomingMessage.emit (events.js:412:35)
      at endReadableNT (internal/streams/readable.js:1334:12)
      at processTicksAndRejections (internal/process/task_queues.js:82:21)

npm manifest: 
  {
    "name": "@chronos-so/scheduler",
    "description": "Chronos scheduler",
    "version": "0.0.1",
    "type": "module",
    "license": "ISC",
    "homepage": "https://github.com/chronos-so/chronos",
    "bugs": "https://github.com/chronos-so/chronos/issues",
    "main": "dist/chronos-so-scheduler.cjs",
    "module": "dist/chronos-so-scheduler.esm.js",
    "types": "dist/index.d.ts",
    "files": [
      "dist",
      "src"
    ],
    "author": "Chronos",
    "publishConfig": {
      "access": "public"
    },
    "scripts": {
      "clean": "rimraf --no-glob ./dist ./tsconfig.tsbuildinfo ./.eslintcache",
      "build": "yarn clean && cross-env NODE_ENV=production microbundle --tsconfig ./tsconfig.json",
      "publish": "yarn npm publish"
    },
    "dependencies": {
      "@chronos-so/indexer": "workspace:^",
      "@chronos-so/utils": "workspace:^",
      "@project-serum/anchor": "^0.20.1",
      "@solana/spl-token": "^0.1.8",
      "@solana/web3.js": "^1.31.0",
      "bs58": "^4.0.1"
    },
    "devDependencies": {
      "@types/chai": "^4.2.22",
      "@types/mocha": "^9.0.0",
      "@types/node": "^17.0.5",
      "chai": "^4.3.4",
      "cross-env": "^7.0.3",
      "microbundle": "^0.14.2",
      "mocha": "^8.4.0",
      "rimraf": "^3.0.2",
      "ts-mocha": "^8.0.0",
      "ts-node": "^10.4.0",
      "typescript": "^4.5.4"
    }
  }

yarn manifest: 
  No manifest

Lockfile: 
  No lockfile
